2025-10-04 20:19:10,634 - INFO - Chrome WebDriver initialized successfully (attempt 1)
2025-10-04 20:19:12,358 - INFO - [TIMER] Waiting 4.3 seconds before next page...
2025-10-04 20:19:17,766 - INFO - [TIMER] Waiting 3.9 seconds before next page...
2025-10-04 20:19:23,330 - INFO - [TIMER] Waiting 2.7 seconds before next page...
2025-10-04 20:19:27,364 - INFO - [TIMER] Waiting 4.3 seconds before next page...
2025-10-04 20:19:32,863 - INFO - [TIMER] Waiting 3.2 seconds before next page...
2025-10-04 20:19:37,197 - INFO - [TIMER] Waiting 4.4 seconds before next page...
2025-10-04 20:19:42,917 - INFO - [TIMER] Waiting 2.6 seconds before next page...
2025-10-04 20:19:46,716 - INFO - [TIMER] Waiting 2.0 seconds before next page...
2025-10-04 20:19:50,250 - INFO - [TIMER] Waiting 2.1 seconds before next page...
2025-10-04 20:19:53,841 - INFO - [TIMER] Waiting 2.6 seconds before next page...
2025-10-04 20:19:57,800 - INFO - [TIMER] Waiting 2.4 seconds before next page...
2025-10-04 20:20:01,569 - INFO - [TIMER] Waiting 4.5 seconds before next page...
2025-10-04 20:20:07,397 - INFO - [TIMER] Waiting 2.4 seconds before next page...
2025-10-04 20:20:11,602 - INFO - [TIMER] Waiting 5.0 seconds before next page...
2025-10-04 20:20:17,987 - INFO - [TIMER] Waiting 5.6 seconds before next page...
2025-10-04 20:20:24,674 - INFO - [TIMER] Waiting 3.1 seconds before next page...
2025-10-04 20:20:29,078 - INFO - [TIMER] Waiting 2.5 seconds before next page...
2025-10-04 20:20:32,841 - INFO - [TIMER] Waiting 3.0 seconds before next page...
2025-10-04 20:20:37,104 - INFO - [TIMER] Waiting 3.8 seconds before next page...
2025-10-04 20:20:42,150 - INFO - [TIMER] Waiting 2.6 seconds before next page...
2025-10-04 20:20:45,938 - INFO - [TIMER] Waiting 3.9 seconds before next page...
2025-10-04 20:20:51,254 - INFO - [TIMER] Waiting 3.8 seconds before next page...
2025-10-04 20:20:56,316 - INFO - [TIMER] Waiting 3.7 seconds before next page...
2025-10-04 20:21:01,329 - INFO - [TIMER] Waiting 5.6 seconds before next page...
2025-10-04 20:21:08,528 - INFO - [TIMER] Waiting 3.8 seconds before next page...
2025-10-04 20:21:13,654 - INFO - [TIMER] Waiting 4.1 seconds before next page...
2025-10-04 20:21:19,047 - INFO - [TIMER] Waiting 3.0 seconds before next page...
2025-10-04 20:21:23,314 - INFO - [TIMER] Waiting 4.1 seconds before next page...
2025-10-04 20:21:28,665 - INFO - [TIMER] Waiting 3.2 seconds before next page...
2025-10-04 20:21:33,218 - INFO - [TIMER] Waiting 4.8 seconds before next page...
2025-10-04 20:21:39,515 - INFO - [TIMER] Waiting 4.4 seconds before next page...
2025-10-04 20:21:45,297 - INFO - [TIMER] Waiting 2.4 seconds before next page...
2025-10-04 20:21:49,075 - INFO - [TIMER] Waiting 2.7 seconds before next page...
2025-10-04 20:21:53,434 - INFO - [TIMER] Waiting 4.4 seconds before next page...
2025-10-04 20:21:59,123 - INFO - [TIMER] Waiting 3.7 seconds before next page...
2025-10-04 20:22:04,103 - INFO - [TIMER] Waiting 5.8 seconds before next page...
2025-10-04 20:22:11,273 - INFO - [TIMER] Waiting 4.2 seconds before next page...
2025-10-04 20:22:17,011 - INFO - [TIMER] Waiting 4.7 seconds before next page...
2025-10-04 20:22:23,106 - INFO - [TIMER] Waiting 5.2 seconds before next page...
2025-10-04 20:22:29,731 - INFO - [TIMER] Waiting 2.5 seconds before next page...
2025-10-04 20:22:33,399 - INFO - [TIMER] Waiting 4.5 seconds before next page...
2025-10-04 20:22:39,197 - INFO - [TIMER] Waiting 2.6 seconds before next page...
2025-10-04 20:22:43,103 - INFO - [TIMER] Waiting 4.4 seconds before next page...
2025-10-04 20:22:49,150 - INFO - [TIMER] Waiting 2.4 seconds before next page...
2025-10-04 20:22:52,967 - INFO - [TIMER] Waiting 5.4 seconds before next page...
2025-10-04 20:22:59,970 - INFO - [TIMER] Waiting 3.0 seconds before next page...
2025-10-04 20:23:04,166 - INFO - [TIMER] Waiting 5.5 seconds before next page...
2025-10-04 20:23:10,954 - INFO - [TIMER] Waiting 3.6 seconds before next page...
2025-10-04 20:23:16,597 - INFO - [TIMER] Waiting 5.4 seconds before next page...
2025-10-04 20:23:23,253 - INFO - [TIMER] Waiting 3.4 seconds before next page...
2025-10-04 20:23:26,648 - INFO - \n[COMPLETE] DATA QUALITY REPORT
2025-10-04 20:23:26,648 - INFO -    [LIST] Total properties: 1500
2025-10-04 20:23:26,648 - INFO -    [SUCCESS] Valid properties: 1500
2025-10-04 20:23:26,649 - INFO -    [SHIELD] Validation success rate: 100.0%
2025-10-04 20:23:26,649 - INFO -    [COMPLETE] Average data quality: 76.0%
2025-10-04 20:23:28,939 - INFO - WebDriver closed
2025-10-04 20:23:31,563 - INFO - Chrome WebDriver initialized successfully (attempt 1)
2025-10-04 20:23:33,318 - INFO - [TIMER] Waiting 5.0 seconds before next page...
2025-10-04 20:23:39,550 - INFO - [TIMER] Waiting 3.7 seconds before next page...
2025-10-04 20:23:44,936 - INFO - [TIMER] Waiting 3.8 seconds before next page...
2025-10-04 20:23:50,190 - INFO - [TIMER] Waiting 2.6 seconds before next page...
2025-10-04 20:23:54,134 - INFO - [TIMER] Waiting 2.3 seconds before next page...
2025-10-04 20:23:57,708 - INFO - [TIMER] Waiting 4.4 seconds before next page...
2025-10-04 20:24:03,563 - INFO - [TIMER] Waiting 5.0 seconds before next page...
2025-10-04 20:24:10,304 - INFO - [TIMER] Waiting 2.6 seconds before next page...
2025-10-04 20:24:14,046 - INFO - [TIMER] Waiting 4.5 seconds before next page...
2025-10-04 20:24:24,150 - INFO - [TIMER] Waiting 3.2 seconds before next page...
2025-10-04 20:24:28,768 - INFO - [TIMER] Waiting 4.9 seconds before next page...
2025-10-04 20:24:35,364 - INFO - [TIMER] Waiting 2.7 seconds before next page...
2025-10-04 20:24:39,670 - INFO - [TIMER] Waiting 3.9 seconds before next page...
2025-10-04 20:24:44,870 - INFO - [TIMER] Waiting 4.6 seconds before next page...
2025-10-04 20:24:51,241 - INFO - [TIMER] Waiting 3.4 seconds before next page...
2025-10-04 20:24:56,013 - INFO - [TIMER] Waiting 3.3 seconds before next page...
2025-10-04 20:25:00,547 - INFO - [TIMER] Waiting 4.2 seconds before next page...
2025-10-04 20:25:06,296 - INFO - [TIMER] Waiting 3.9 seconds before next page...
2025-10-04 20:25:11,649 - INFO - [TIMER] Waiting 5.2 seconds before next page...
2025-10-04 20:25:18,384 - INFO - [TIMER] Waiting 3.3 seconds before next page...
2025-10-04 20:25:23,102 - INFO - [TIMER] Waiting 3.7 seconds before next page...
2025-10-04 20:25:28,483 - INFO - [TIMER] Waiting 3.7 seconds before next page...
2025-10-04 20:25:33,748 - INFO - [TIMER] Waiting 4.0 seconds before next page...
2025-10-04 20:25:39,336 - INFO - [TIMER] Waiting 4.3 seconds before next page...
2025-10-04 20:25:44,970 - INFO - [TIMER] Waiting 2.8 seconds before next page...
2025-10-04 20:25:48,976 - INFO - [TIMER] Waiting 3.9 seconds before next page...
2025-10-04 20:25:54,739 - INFO - [TIMER] Waiting 4.5 seconds before next page...
2025-10-04 20:26:00,840 - INFO - [TIMER] Waiting 4.2 seconds before next page...
2025-10-04 20:26:06,392 - INFO - [TIMER] Waiting 3.6 seconds before next page...
2025-10-04 20:26:11,411 - INFO - [TIMER] Waiting 5.6 seconds before next page...
2025-10-04 20:26:18,374 - INFO - [TIMER] Waiting 2.6 seconds before next page...
2025-10-04 20:26:22,358 - INFO - [TIMER] Waiting 3.7 seconds before next page...
2025-10-04 20:26:27,700 - INFO - [TIMER] Waiting 4.1 seconds before next page...
2025-10-04 20:26:33,208 - INFO - [TIMER] Waiting 4.0 seconds before next page...
2025-10-04 20:26:38,715 - INFO - [TIMER] Waiting 2.5 seconds before next page...
2025-10-04 20:26:42,588 - INFO - [TIMER] Waiting 3.6 seconds before next page...
2025-10-04 20:26:47,541 - INFO - [TIMER] Waiting 2.4 seconds before next page...
2025-10-04 20:26:52,031 - INFO - [TIMER] Waiting 5.4 seconds before next page...
2025-10-04 20:26:58,813 - INFO - [TIMER] Waiting 3.4 seconds before next page...
2025-10-04 20:27:04,616 - INFO - [TIMER] Waiting 5.0 seconds before next page...
2025-10-04 20:27:11,590 - INFO - [TIMER] Waiting 3.4 seconds before next page...
2025-10-04 20:27:16,939 - INFO - [TIMER] Waiting 3.6 seconds before next page...
2025-10-04 20:27:22,000 - INFO - [TIMER] Waiting 3.4 seconds before next page...
2025-10-04 20:27:26,981 - INFO - [TIMER] Waiting 4.2 seconds before next page...
2025-10-04 20:27:32,546 - INFO - [TIMER] Waiting 5.2 seconds before next page...
2025-10-04 20:27:39,474 - INFO - [TIMER] Waiting 4.8 seconds before next page...
2025-10-04 20:27:45,840 - INFO - [TIMER] Waiting 5.0 seconds before next page...
2025-10-04 20:27:52,310 - INFO - [TIMER] Waiting 2.4 seconds before next page...
2025-10-04 20:27:56,019 - INFO - [TIMER] Waiting 6.0 seconds before next page...
2025-10-04 20:28:03,556 - INFO - [TIMER] Waiting 5.4 seconds before next page...
2025-10-04 20:28:08,922 - INFO - \n[COMPLETE] DATA QUALITY REPORT
2025-10-04 20:28:08,922 - INFO -    [LIST] Total properties: 1500
2025-10-04 20:28:08,922 - INFO -    [SUCCESS] Valid properties: 1500
2025-10-04 20:28:08,922 - INFO -    [SHIELD] Validation success rate: 100.0%
2025-10-04 20:28:08,923 - INFO -    [COMPLETE] Average data quality: 71.0%
2025-10-04 20:28:11,128 - INFO - WebDriver closed
2025-10-04 20:28:13,904 - INFO - Chrome WebDriver initialized successfully (attempt 1)
2025-10-04 20:28:20,566 - INFO - [TIMER] Waiting 2.8 seconds before next page...
2025-10-04 20:28:25,274 - INFO - [TIMER] Waiting 3.5 seconds before next page...
2025-10-04 20:28:30,363 - INFO - [TIMER] Waiting 3.5 seconds before next page...
2025-10-04 20:28:35,619 - INFO - [TIMER] Waiting 4.7 seconds before next page...
2025-10-04 20:28:41,919 - INFO - [TIMER] Waiting 2.2 seconds before next page...
2025-10-04 20:28:45,835 - INFO - [TIMER] Waiting 2.6 seconds before next page...
2025-10-04 20:28:50,382 - INFO - [TIMER] Waiting 3.2 seconds before next page...
2025-10-04 20:28:55,549 - INFO - [TIMER] Waiting 4.0 seconds before next page...
2025-10-04 20:29:01,272 - INFO - [TIMER] Waiting 4.8 seconds before next page...
2025-10-04 20:29:07,703 - INFO - [TIMER] Waiting 2.6 seconds before next page...
2025-10-04 20:29:12,275 - INFO - [TIMER] Waiting 3.4 seconds before next page...
2025-10-04 20:29:17,517 - INFO - [TIMER] Waiting 4.1 seconds before next page...
2025-10-04 20:29:23,339 - INFO - [TIMER] Waiting 4.8 seconds before next page...
2025-10-04 20:29:29,972 - INFO - [TIMER] Waiting 4.8 seconds before next page...
2025-10-04 20:29:36,530 - INFO - [TIMER] Waiting 5.1 seconds before next page...
2025-10-04 20:29:43,537 - INFO - [TIMER] Waiting 2.9 seconds before next page...
2025-10-04 20:29:48,685 - INFO - [TIMER] Waiting 2.5 seconds before next page...
2025-10-04 20:29:53,372 - INFO - [TIMER] Waiting 3.1 seconds before next page...
2025-10-04 20:29:58,247 - INFO - [TIMER] Waiting 4.9 seconds before next page...
2025-10-04 20:30:04,699 - INFO - [TIMER] Waiting 5.8 seconds before next page...
2025-10-04 20:30:12,162 - INFO - [TIMER] Waiting 3.9 seconds before next page...
2025-10-04 20:30:18,027 - INFO - [TIMER] Waiting 4.9 seconds before next page...
2025-10-04 20:30:24,869 - INFO - [TIMER] Waiting 3.6 seconds before next page...
2025-10-04 20:30:30,301 - INFO - [TIMER] Waiting 2.9 seconds before next page...
2025-10-04 20:30:34,922 - INFO - [TIMER] Waiting 4.9 seconds before next page...
2025-10-04 20:30:41,308 - INFO - [TIMER] Waiting 4.2 seconds before next page...
2025-10-04 20:30:47,265 - INFO - [TIMER] Waiting 4.2 seconds before next page...
2025-10-04 20:30:53,352 - INFO - [TIMER] Waiting 3.1 seconds before next page...
2025-10-04 20:30:58,187 - INFO - [TIMER] Waiting 3.6 seconds before next page...
2025-10-04 20:31:03,620 - INFO - [TIMER] Waiting 5.4 seconds before next page...
2025-10-04 20:31:10,920 - INFO - [TIMER] Waiting 4.2 seconds before next page...
2025-10-04 20:31:16,941 - INFO - [TIMER] Waiting 2.9 seconds before next page...
2025-10-04 20:31:21,260 - INFO - [TIMER] Waiting 5.9 seconds before next page...
2025-10-04 20:31:28,819 - INFO - [TIMER] Waiting 4.9 seconds before next page...
2025-10-04 20:31:35,525 - INFO - [TIMER] Waiting 5.8 seconds before next page...
2025-10-04 20:31:43,223 - INFO - [TIMER] Waiting 2.6 seconds before next page...
2025-10-04 20:31:47,985 - INFO - [TIMER] Waiting 2.5 seconds before next page...
2025-10-04 20:31:52,110 - INFO - [TIMER] Waiting 5.3 seconds before next page...
2025-10-04 20:31:58,988 - INFO - [TIMER] Waiting 5.6 seconds before next page...
2025-10-04 20:32:06,303 - INFO - [TIMER] Waiting 4.5 seconds before next page...
2025-10-04 20:32:12,421 - INFO - [TIMER] Waiting 4.4 seconds before next page...
2025-10-04 20:32:18,429 - INFO - [TIMER] Waiting 2.9 seconds before next page...
2025-10-04 20:32:22,907 - INFO - [TIMER] Waiting 2.7 seconds before next page...
2025-10-04 20:32:27,114 - INFO - [TIMER] Waiting 4.1 seconds before next page...
2025-10-04 20:32:32,838 - INFO - [TIMER] Waiting 5.6 seconds before next page...
2025-10-04 20:32:39,781 - INFO - [TIMER] Waiting 2.9 seconds before next page...
2025-10-04 20:32:44,589 - INFO - [TIMER] Waiting 2.6 seconds before next page...
2025-10-04 20:32:48,585 - INFO - [TIMER] Waiting 3.2 seconds before next page...
2025-10-04 20:32:54,537 - INFO - [TIMER] Waiting 4.7 seconds before next page...
2025-10-04 20:33:00,719 - INFO - [TIMER] Waiting 4.3 seconds before next page...
2025-10-04 20:33:05,016 - INFO - \n[COMPLETE] DATA QUALITY REPORT
2025-10-04 20:33:05,018 - INFO -    [LIST] Total properties: 1500
2025-10-04 20:33:05,018 - INFO -    [SUCCESS] Valid properties: 1500
2025-10-04 20:33:05,018 - INFO -    [SHIELD] Validation success rate: 100.0%
2025-10-04 20:33:05,018 - INFO -    [COMPLETE] Average data quality: 73.4%
2025-10-04 20:33:07,290 - INFO - WebDriver closed
2025-10-04 20:33:09,782 - INFO - Chrome WebDriver initialized successfully (attempt 1)
2025-10-04 20:33:11,739 - INFO - [TIMER] Waiting 2.4 seconds before next page...
2025-10-04 20:33:15,493 - INFO - [TIMER] Waiting 2.1 seconds before next page...
2025-10-04 20:33:19,395 - INFO - [TIMER] Waiting 4.4 seconds before next page...
2025-10-04 20:33:25,233 - INFO - [TIMER] Waiting 2.6 seconds before next page...
2025-10-04 20:33:33,238 - INFO - [TIMER] Waiting 4.2 seconds before next page...
2025-10-04 20:33:38,896 - INFO - [TIMER] Waiting 4.6 seconds before next page...
2025-10-04 20:33:44,786 - INFO - [TIMER] Waiting 3.4 seconds before next page...
2025-10-04 20:33:49,585 - INFO - [TIMER] Waiting 4.5 seconds before next page...
2025-10-04 20:33:55,555 - INFO - [TIMER] Waiting 4.1 seconds before next page...
2025-10-04 20:34:00,983 - INFO - [TIMER] Waiting 2.1 seconds before next page...
2025-10-04 20:34:04,595 - INFO - [TIMER] Waiting 5.5 seconds before next page...
2025-10-04 20:34:11,687 - INFO - [TIMER] Waiting 4.9 seconds before next page...
2025-10-04 20:34:18,011 - INFO - [TIMER] Waiting 4.0 seconds before next page...
2025-10-04 20:34:23,362 - INFO - [TIMER] Waiting 4.2 seconds before next page...
2025-10-04 20:34:29,241 - INFO - [TIMER] Waiting 5.0 seconds before next page...
2025-10-04 20:34:35,768 - INFO - [TIMER] Waiting 4.6 seconds before next page...
2025-10-04 20:34:41,894 - INFO - [TIMER] Waiting 4.9 seconds before next page...
2025-10-04 20:34:48,235 - INFO - [TIMER] Waiting 4.5 seconds before next page...
2025-10-04 20:34:54,272 - INFO - [TIMER] Waiting 3.8 seconds before next page...
2025-10-04 20:34:59,370 - INFO - [TIMER] Waiting 5.3 seconds before next page...
2025-10-04 20:35:05,970 - INFO - [TIMER] Waiting 3.5 seconds before next page...
2025-10-04 20:35:11,032 - INFO - [TIMER] Waiting 4.3 seconds before next page...
2025-10-04 20:35:16,947 - INFO - [TIMER] Waiting 2.5 seconds before next page...
2025-10-04 20:35:21,178 - INFO - [TIMER] Waiting 5.9 seconds before next page...
2025-10-04 20:35:28,935 - INFO - [TIMER] Waiting 3.0 seconds before next page...
2025-10-04 20:35:33,365 - INFO - [TIMER] Waiting 4.5 seconds before next page...
2025-10-04 20:35:39,501 - INFO - [TIMER] Waiting 4.9 seconds before next page...
2025-10-04 20:35:45,795 - INFO - [TIMER] Waiting 3.6 seconds before next page...
2025-10-04 20:35:51,007 - INFO - [TIMER] Waiting 3.5 seconds before next page...
2025-10-04 20:35:55,919 - INFO - [TIMER] Waiting 5.5 seconds before next page...
2025-10-04 20:36:02,835 - INFO - [TIMER] Waiting 3.0 seconds before next page...
2025-10-04 20:36:07,360 - INFO - [TIMER] Waiting 4.7 seconds before next page...
2025-10-04 20:36:13,895 - INFO - [TIMER] Waiting 3.6 seconds before next page...
2025-10-04 20:36:19,062 - INFO - [TIMER] Waiting 3.1 seconds before next page...
2025-10-04 20:36:23,590 - INFO - [TIMER] Waiting 2.7 seconds before next page...
2025-10-04 20:36:28,039 - INFO - [TIMER] Waiting 4.8 seconds before next page...
2025-10-04 20:36:34,696 - INFO - [TIMER] Waiting 3.8 seconds before next page...
2025-10-04 20:36:39,876 - INFO - [TIMER] Waiting 2.6 seconds before next page...
2025-10-04 20:36:43,995 - INFO - [TIMER] Waiting 2.8 seconds before next page...
2025-10-04 20:36:48,443 - INFO - [TIMER] Waiting 2.7 seconds before next page...
2025-10-04 20:36:52,636 - INFO - [TIMER] Waiting 4.1 seconds before next page...
2025-10-04 20:36:58,155 - INFO - [TIMER] Waiting 2.9 seconds before next page...
2025-10-04 20:37:02,462 - INFO - [TIMER] Waiting 2.8 seconds before next page...
2025-10-04 20:37:06,721 - INFO - [TIMER] Waiting 2.8 seconds before next page...
2025-10-04 20:37:11,164 - INFO - [TIMER] Waiting 5.9 seconds before next page...
2025-10-04 20:37:18,462 - INFO - [TIMER] Waiting 5.9 seconds before next page...
2025-10-04 20:37:25,763 - INFO - [TIMER] Waiting 3.7 seconds before next page...
2025-10-04 20:37:31,221 - INFO - [TIMER] Waiting 5.9 seconds before next page...
2025-10-04 20:37:38,556 - INFO - [TIMER] Waiting 4.8 seconds before next page...
2025-10-04 20:37:44,924 - INFO - [TIMER] Waiting 3.7 seconds before next page...
2025-10-04 20:37:48,610 - INFO - \n[COMPLETE] DATA QUALITY REPORT
2025-10-04 20:37:48,611 - INFO -    [LIST] Total properties: 1500
2025-10-04 20:37:48,611 - INFO -    [SUCCESS] Valid properties: 1500
2025-10-04 20:37:48,611 - INFO -    [SHIELD] Validation success rate: 100.0%
2025-10-04 20:37:48,611 - INFO -    [COMPLETE] Average data quality: 69.7%
2025-10-04 20:37:50,804 - INFO - WebDriver closed
2025-10-04 20:37:53,601 - INFO - Chrome WebDriver initialized successfully (attempt 1)
2025-10-04 20:37:55,498 - INFO - [TIMER] Waiting 3.5 seconds before next page...
2025-10-04 20:38:00,841 - INFO - [TIMER] Waiting 2.5 seconds before next page...
2025-10-04 20:38:05,028 - INFO - [TIMER] Waiting 2.4 seconds before next page...
2025-10-04 20:38:08,933 - INFO - [TIMER] Waiting 3.4 seconds before next page...
2025-10-04 20:38:14,119 - INFO - [TIMER] Waiting 3.0 seconds before next page...
2025-10-04 20:38:18,544 - INFO - [TIMER] Waiting 5.0 seconds before next page...
2025-10-04 20:38:25,106 - INFO - [TIMER] Waiting 4.9 seconds before next page...
2025-10-04 20:38:31,615 - INFO - [TIMER] Waiting 2.8 seconds before next page...
2025-10-04 20:38:35,982 - INFO - [TIMER] Waiting 2.9 seconds before next page...
2025-10-04 20:38:44,580 - INFO - [TIMER] Waiting 2.4 seconds before next page...
2025-10-04 20:38:48,450 - INFO - [TIMER] Waiting 4.1 seconds before next page...
2025-10-04 20:38:54,449 - INFO - [TIMER] Waiting 5.6 seconds before next page...
2025-10-04 20:39:01,551 - INFO - [TIMER] Waiting 2.7 seconds before next page...
2025-10-04 20:39:06,004 - INFO - [TIMER] Waiting 2.8 seconds before next page...
2025-10-04 20:39:10,374 - INFO - [TIMER] Waiting 4.7 seconds before next page...
2025-10-04 20:39:17,407 - INFO - [TIMER] Waiting 5.1 seconds before next page...
2025-10-04 20:39:24,515 - INFO - [TIMER] Waiting 3.6 seconds before next page...
2025-10-04 20:39:29,684 - INFO - [TIMER] Waiting 4.6 seconds before next page...
2025-10-04 20:39:35,910 - INFO - [TIMER] Waiting 3.6 seconds before next page...
2025-10-04 20:39:41,335 - INFO - [TIMER] Waiting 3.1 seconds before next page...
2025-10-04 20:39:46,216 - INFO - [TIMER] Waiting 3.4 seconds before next page...
2025-10-04 20:39:51,419 - INFO - [TIMER] Waiting 5.3 seconds before next page...
2025-10-04 20:39:58,377 - INFO - [TIMER] Waiting 2.9 seconds before next page...
2025-10-04 20:40:02,820 - INFO - [TIMER] Waiting 3.7 seconds before next page...
2025-10-04 20:40:08,478 - INFO - [TIMER] Waiting 5.1 seconds before next page...
2025-10-04 20:40:15,074 - INFO - [TIMER] Waiting 2.6 seconds before next page...
2025-10-04 20:40:19,205 - INFO - [TIMER] Waiting 4.9 seconds before next page...
2025-10-04 20:40:25,757 - INFO - [TIMER] Waiting 3.1 seconds before next page...
2025-10-04 20:40:30,513 - INFO - [TIMER] Waiting 2.9 seconds before next page...
2025-10-04 20:40:35,046 - INFO - [TIMER] Waiting 4.9 seconds before next page...
2025-10-04 20:40:41,388 - INFO - [TIMER] Waiting 2.6 seconds before next page...
2025-10-04 20:40:45,530 - INFO - [TIMER] Waiting 5.4 seconds before next page...
2025-10-04 20:40:52,735 - INFO - [TIMER] Waiting 3.4 seconds before next page...
2025-10-04 20:40:57,878 - INFO - [TIMER] Waiting 4.6 seconds before next page...
2025-10-04 20:41:03,924 - INFO - [TIMER] Waiting 6.0 seconds before next page...
2025-10-04 20:41:11,549 - INFO - [TIMER] Waiting 5.0 seconds before next page...
2025-10-04 20:41:18,367 - INFO - [TIMER] Waiting 4.8 seconds before next page...
2025-10-04 20:41:25,075 - INFO - [TIMER] Waiting 2.6 seconds before next page...
2025-10-04 20:41:29,304 - INFO - [TIMER] Waiting 3.0 seconds before next page...
2025-10-04 20:41:33,880 - INFO - [TIMER] Waiting 2.6 seconds before next page...
2025-10-04 20:41:38,133 - INFO - [TIMER] Waiting 4.0 seconds before next page...
2025-10-04 20:41:43,951 - INFO - [TIMER] Waiting 4.1 seconds before next page...
2025-10-04 20:41:49,481 - INFO - [TIMER] Waiting 2.7 seconds before next page...
2025-10-04 20:41:53,981 - INFO - [TIMER] Waiting 5.0 seconds before next page...
2025-10-04 20:42:00,420 - INFO - [TIMER] Waiting 3.3 seconds before next page...
2025-10-04 20:42:05,360 - INFO - [TIMER] Waiting 5.5 seconds before next page...
2025-10-04 20:42:12,469 - INFO - [TIMER] Waiting 5.9 seconds before next page...
2025-10-04 20:42:20,339 - INFO - [TIMER] Waiting 2.9 seconds before next page...
2025-10-04 20:42:24,942 - INFO - [TIMER] Waiting 5.3 seconds before next page...
2025-10-04 20:42:31,894 - INFO - [TIMER] Waiting 5.0 seconds before next page...
2025-10-04 20:42:36,941 - INFO - \n[COMPLETE] DATA QUALITY REPORT
2025-10-04 20:42:36,943 - INFO -    [LIST] Total properties: 1500
2025-10-04 20:42:36,943 - INFO -    [SUCCESS] Valid properties: 1500
2025-10-04 20:42:36,943 - INFO -    [SHIELD] Validation success rate: 100.0%
2025-10-04 20:42:36,943 - INFO -    [COMPLETE] Average data quality: 72.6%
2025-10-04 20:42:39,204 - INFO - WebDriver closed
